<?xml version="1.0" encoding="UTF-8"?>
<!-- Generated by org.testng.reporters.JUnitReportReporter -->
<testsuite hostname="IT-PC" failures="0" tests="1" name="testCasesNaukri.VerifyUserNameField" time="0.019" errors="1" timestamp="29 Aug 2019 16:59:38 GMT">
  <testcase classname="testCasesNaukri.VerifyUserNameField" name="verifyUserNameField" time="0.019">
    <error message="Returned value cannot be converted to WebElement: {stacktrace=Backtrace:
	Ordinal0 [0x01471B43+1448771]
	Ordinal0 [0x013F5A31+940593]
	Ordinal0 [0x0138213C+467260]
	Ordinal0 [0x0132092B+67883]
	Ordinal0 [0x01321990+72080]
	Ordinal0 [0x01321929+71977]
	GetHandleVerifier [0x015B2E8C+1172172]
	GetHandleVerifier [0x0150FE55+504469]
	GetHandleVerifier [0x0150FBF0+503856]
	Ordinal0 [0x0147C9C8+1493448]
	GetHandleVerifier [0x0151062A+506474]
	Ordinal0 [0x01407156+1012054]
	Ordinal0 [0x01406FCF+1011663]
	Ordinal0 [0x0141135B+1053531]
	Ordinal0 [0x014114C3+1053891]
	Ordinal0 [0x014104F5+1049845]
	BaseThreadInitThunk [0x7758343D+18]
	RtlInitializeExceptionChain [0x77DF9802+99]
	RtlInitializeExceptionChain [0x77DF97D5+54]
, error=invalid session id, message=invalid session id}
Build info: version: &#039;2.53.1&#039;, revision: &#039;a36b8b1&#039;, time: &#039;2016-06-30 17:37:03&#039;
System info: host: &#039;IT-PC&#039;, ip: &#039;192.168.1.7&#039;, os.name: &#039;Windows 7&#039;, os.arch: &#039;amd64&#039;, os.version: &#039;6.1&#039;, java.version: &#039;12.0.2&#039;
Driver info: driver.version: RemoteWebDriver" type="org.openqa.selenium.WebDriverException">
      <![CDATA[org.openqa.selenium.WebDriverException: Returned value cannot be converted to WebElement: {stacktrace=Backtrace:
	Ordinal0 [0x01471B43+1448771]
	Ordinal0 [0x013F5A31+940593]
	Ordinal0 [0x0138213C+467260]
	Ordinal0 [0x0132092B+67883]
	Ordinal0 [0x01321990+72080]
	Ordinal0 [0x01321929+71977]
	GetHandleVerifier [0x015B2E8C+1172172]
	GetHandleVerifier [0x0150FE55+504469]
	GetHandleVerifier [0x0150FBF0+503856]
	Ordinal0 [0x0147C9C8+1493448]
	GetHandleVerifier [0x0151062A+506474]
	Ordinal0 [0x01407156+1012054]
	Ordinal0 [0x01406FCF+1011663]
	Ordinal0 [0x0141135B+1053531]
	Ordinal0 [0x014114C3+1053891]
	Ordinal0 [0x014104F5+1049845]
	BaseThreadInitThunk [0x7758343D+18]
	RtlInitializeExceptionChain [0x77DF9802+99]
	RtlInitializeExceptionChain [0x77DF97D5+54]
, error=invalid session id, message=invalid session id}
Build info: version: '2.53.1', revision: 'a36b8b1', time: '2016-06-30 17:37:03'
System info: host: 'IT-PC', ip: '192.168.1.7', os.name: 'Windows 7', os.arch: 'amd64', os.version: '6.1', java.version: '12.0.2'
Driver info: driver.version: RemoteWebDriver
	at org.openqa.selenium.remote.RemoteWebDriver.findElement(RemoteWebDriver.java:370)
	at org.openqa.selenium.remote.RemoteWebDriver.findElementByCssSelector(RemoteWebDriver.java:492)
	at org.openqa.selenium.By$ByCssSelector.findElement(By.java:430)
	at org.openqa.selenium.remote.RemoteWebDriver.findElement(RemoteWebDriver.java:355)
	at org.openqa.selenium.support.pagefactory.DefaultElementLocator.findElement(DefaultElementLocator.java:69)
	at org.openqa.selenium.support.pagefactory.internal.LocatingElementHandler.invoke(LocatingElementHandler.java:38)
	at com.sun.proxy.$Proxy9.click(Unknown Source)
	at testCasesNaukri.VerifyUserNameField.verifyUserNameField(VerifyUserNameField.java:17)
	at java.base/jdk.internal.reflect.NativeMethodAccessorImpl.invoke0(Native Method)
	at java.base/jdk.internal.reflect.NativeMethodAccessorImpl.invoke(NativeMethodAccessorImpl.java:62)
	at java.base/jdk.internal.reflect.DelegatingMethodAccessorImpl.invoke(DelegatingMethodAccessorImpl.java:43)
	at java.base/java.lang.reflect.Method.invoke(Method.java:567)
	at org.testng.internal.MethodInvocationHelper.invokeMethod(MethodInvocationHelper.java:85)
	at org.testng.internal.Invoker.invokeMethod(Invoker.java:639)
	at org.testng.internal.Invoker.invokeTestMethod(Invoker.java:816)
	at org.testng.internal.Invoker.invokeTestMethods(Invoker.java:1124)
	at org.testng.internal.TestMethodWorker.invokeTestMethods(TestMethodWorker.java:125)
	at org.testng.internal.TestMethodWorker.run(TestMethodWorker.java:108)
	at org.testng.TestRunner.privateRun(TestRunner.java:774)
	at org.testng.TestRunner.run(TestRunner.java:624)
	at org.testng.SuiteRunner.runTest(SuiteRunner.java:359)
	at org.testng.SuiteRunner.runSequentially(SuiteRunner.java:354)
	at org.testng.SuiteRunner.privateRun(SuiteRunner.java:312)
	at org.testng.SuiteRunner.run(SuiteRunner.java:261)
	at org.testng.SuiteRunnerWorker.runSuite(SuiteRunnerWorker.java:52)
	at org.testng.SuiteRunnerWorker.run(SuiteRunnerWorker.java:86)
	at org.testng.TestNG.runSuitesSequentially(TestNG.java:1215)
	at org.testng.TestNG.runSuitesLocally(TestNG.java:1140)
	at org.testng.TestNG.run(TestNG.java:1048)
	at org.testng.remote.AbstractRemoteTestNG.run(AbstractRemoteTestNG.java:115)
	at org.testng.remote.RemoteTestNG.initAndRun(RemoteTestNG.java:251)
	at org.testng.remote.RemoteTestNG.main(RemoteTestNG.java:77)
Caused by: java.lang.ClassCastException: class com.google.common.collect.Maps$TransformedEntriesMap cannot be cast to class org.openqa.selenium.WebElement (com.google.common.collect.Maps$TransformedEntriesMap and org.openqa.selenium.WebElement are in unnamed module of loader 'app')
	at org.openqa.selenium.remote.RemoteWebDriver.findElement(RemoteWebDriver.java:368)
	... 31 more
]]>
    </error>
  </testcase> <!-- verifyUserNameField -->
</testsuite> <!-- testCasesNaukri.VerifyUserNameField -->
